Arguments: 
  /Users/dry/.nvm/versions/node/v12.18.2/bin/node /Users/dry/.nvm/versions/node/v12.18.2/bin/yarn

PATH: 
  /Users/dry/.nvm/versions/node/v12.18.2/bin:/usr/local/sbin:/usr/local/bin:/usr/local/bin:/usr/bin:/bin:/usr/sbin:/sbin:/Users/dry/.nvm/versions/node/v12.18.2/bin:/usr/local/sbin

Yarn version: 
  1.22.4

Node version: 
  12.18.2

Platform: 
  darwin x64

Trace: 
  SyntaxError: /Users/dry/PrivateSpace/Projects/espak/playground/package.json: Unexpected token / in JSON at position 501
      at JSON.parse (<anonymous>)
      at /Users/dry/.nvm/versions/node/v12.18.2/lib/node_modules/yarn/lib/cli.js:1625:59
      at Generator.next (<anonymous>)
      at step (/Users/dry/.nvm/versions/node/v12.18.2/lib/node_modules/yarn/lib/cli.js:310:30)
      at /Users/dry/.nvm/versions/node/v12.18.2/lib/node_modules/yarn/lib/cli.js:321:13

npm manifest: 
  {
    "name": "app-template-react-typescript",
    "version": "1.13.0",
    "license": "MIT",
    "keywords": [
      "csa-template"
    ],
    "publishConfig": {
      "access": "public"
    },
    "scripts": {
      "start": "espak serve",
      "build": "espak build",
      "format": "prettier --write \"src/**/*.{js,jsx,ts,tsx}\"",
      "lint": "prettier --check \"src/**/*.{js,jsx,ts,tsx}\"",
      "test": "jest"
    },
    "dependencies": {
      "react": "^16.13.1",
      "react-dom": "^16.13.1"
    },
    "devDependencies": {
      // "espak": "0.1.0",
      "prettier": "^2.0.5",
      "typescript": "^4.0.0"
    },
    "gitHead": "a01616bb0787d56cd782f94cecf2daa12c7594e4"
  }

yarn manifest: 
  No manifest

Lockfile: 
  No lockfile
